Performing C SOURCE FILE Test CMAKE_HAVE_LIBC_PTHREAD failed with the following output:
Change Dir: /media/zw/DL/ly/workspace/project02/experiment/exp04/demo02/ssd_caffe2/build/CMakeFiles/CMakeTmp

Run Build Command(s):/usr/bin/make cmTC_18d41/fast && /usr/bin/make -f CMakeFiles/cmTC_18d41.dir/build.make CMakeFiles/cmTC_18d41.dir/build
make[1]: Entering directory '/media/zw/DL/ly/workspace/project02/experiment/exp04/demo02/ssd_caffe2/build/CMakeFiles/CMakeTmp'
Building C object CMakeFiles/cmTC_18d41.dir/src.c.o
/usr/bin/cc   -fPIC -DCMAKE_HAVE_LIBC_PTHREAD   -o CMakeFiles/cmTC_18d41.dir/src.c.o   -c /media/zw/DL/ly/workspace/project02/experiment/exp04/demo02/ssd_caffe2/build/CMakeFiles/CMakeTmp/src.c
Linking C executable cmTC_18d41
/usr/local/bin/cmake -E cmake_link_script CMakeFiles/cmTC_18d41.dir/link.txt --verbose=1
/usr/bin/cc -fPIC -DCMAKE_HAVE_LIBC_PTHREAD    CMakeFiles/cmTC_18d41.dir/src.c.o  -o cmTC_18d41 
CMakeFiles/cmTC_18d41.dir/src.c.o：在函数‘main’中：
src.c:(.text+0x3e)：对‘pthread_create’未定义的引用
src.c:(.text+0x4a)：对‘pthread_detach’未定义的引用
src.c:(.text+0x5b)：对‘pthread_join’未定义的引用
src.c:(.text+0x6f)：对‘pthread_atfork’未定义的引用
collect2: error: ld returned 1 exit status
CMakeFiles/cmTC_18d41.dir/build.make:86: recipe for target 'cmTC_18d41' failed
make[1]: *** [cmTC_18d41] Error 1
make[1]: Leaving directory '/media/zw/DL/ly/workspace/project02/experiment/exp04/demo02/ssd_caffe2/build/CMakeFiles/CMakeTmp'
Makefile:121: recipe for target 'cmTC_18d41/fast' failed
make: *** [cmTC_18d41/fast] Error 2


Source file was:
#include <pthread.h>

void* test_func(void* data)
{
  return data;
}

int main(void)
{
  pthread_t thread;
  pthread_create(&thread, NULL, test_func, NULL);
  pthread_detach(thread);
  pthread_join(thread, NULL);
  pthread_atfork(NULL, NULL, NULL);
  pthread_exit(NULL);

  return 0;
}

Determining if the function pthread_create exists in the pthreads failed with the following output:
Change Dir: /media/zw/DL/ly/workspace/project02/experiment/exp04/demo02/ssd_caffe2/build/CMakeFiles/CMakeTmp

Run Build Command(s):/usr/bin/make cmTC_a0f52/fast && /usr/bin/make -f CMakeFiles/cmTC_a0f52.dir/build.make CMakeFiles/cmTC_a0f52.dir/build
make[1]: Entering directory '/media/zw/DL/ly/workspace/project02/experiment/exp04/demo02/ssd_caffe2/build/CMakeFiles/CMakeTmp'
Building C object CMakeFiles/cmTC_a0f52.dir/CheckFunctionExists.c.o
/usr/bin/cc   -fPIC -DCHECK_FUNCTION_EXISTS=pthread_create   -o CMakeFiles/cmTC_a0f52.dir/CheckFunctionExists.c.o   -c /usr/local/share/cmake-3.15/Modules/CheckFunctionExists.c
Linking C executable cmTC_a0f52
/usr/local/bin/cmake -E cmake_link_script CMakeFiles/cmTC_a0f52.dir/link.txt --verbose=1
/usr/bin/cc -fPIC -DCHECK_FUNCTION_EXISTS=pthread_create    CMakeFiles/cmTC_a0f52.dir/CheckFunctionExists.c.o  -o cmTC_a0f52 -lpthreads 
/usr/bin/ld: 找不到 -lpthreads
collect2: error: ld returned 1 exit status
CMakeFiles/cmTC_a0f52.dir/build.make:86: recipe for target 'cmTC_a0f52' failed
make[1]: *** [cmTC_a0f52] Error 1
make[1]: Leaving directory '/media/zw/DL/ly/workspace/project02/experiment/exp04/demo02/ssd_caffe2/build/CMakeFiles/CMakeTmp'
Makefile:121: recipe for target 'cmTC_a0f52/fast' failed
make: *** [cmTC_a0f52/fast] Error 2



